Build started 3/7/2013 5:47:20 PM.
     1>Project "D:\CIS660\AuthoringToolAlgorithm\AuthoringToolAlgorithm\AuthoringToolAlgorithm.vcxproj" on node 2 (build target(s)).
     1>InitializeBuildStatus:
         Creating "Debug\AuthoringToolAlgorithm.unsuccessfulbuild" because "AlwaysCreate" was specified.
       ClCompile:
         C:\Program Files (x86)\Microsoft Visual Studio 10.0\VC\bin\CL.exe /c /ZI /nologo /W3 /WX- /Od /Oy- /D WIN32 /D _DEBUG /D _CONSOLE /D _UNICODE /D UNICODE /Gm /EHsc /RTC1 /MDd /GS /fp:precise /Zc:wchar_t /Zc:forScope /Fo"Debug\\" /Fd"Debug\vc100.pdb" /Gd /TP /analyze- /errorReport:prompt SweepPlane.cpp
         SweepPlane.cpp
     1>d:\cis660\authoringtoolalgorithm\authoringtoolalgorithm\sweepplane.cpp(21): warning C4018: '<' : signed/unsigned mismatch
     1>d:\cis660\authoringtoolalgorithm\authoringtoolalgorithm\sweepplane.cpp(33): warning C4018: '<' : signed/unsigned mismatch
       ManifestResourceCompile:
         All outputs are up-to-date.
       Link:
         C:\Program Files (x86)\Microsoft Visual Studio 10.0\VC\bin\link.exe /ERRORREPORT:PROMPT /OUT:"D:\CIS660\AuthoringToolAlgorithm\Debug\AuthoringToolAlgorithm.exe" /INCREMENTAL /NOLOGO kernel32.lib user32.lib gdi32.lib winspool.lib comdlg32.lib advapi32.lib shell32.lib ole32.lib oleaut32.lib uuid.lib odbc32.lib odbccp32.lib /MANIFEST /ManifestFile:"Debug\AuthoringToolAlgorithm.exe.intermediate.manifest" /MANIFESTUAC:"level='asInvoker' uiAccess='false'" /DEBUG /PDB:"D:\CIS660\AuthoringToolAlgorithm\Debug\AuthoringToolAlgorithm.pdb" /SUBSYSTEM:CONSOLE /TLBID:1 /DYNAMICBASE /NXCOMPAT /IMPLIB:"D:\CIS660\AuthoringToolAlgorithm\Debug\AuthoringToolAlgorithm.lib" /MACHINE:X86 Debug\AuthoringToolAlgorithm.exe.embed.manifest.res
         Debug\AuthoringToolAlgorithm.obj
         Debug\Edge.obj
         Debug\FileParser.obj
         Debug\FloorPlan.obj
         Debug\Profile.obj
         Debug\stdafx.obj
         Debug\SweepPlane.obj
       Manifest:
         C:\Program Files (x86)\Microsoft SDKs\Windows\v7.0A\bin\mt.exe /nologo /verbose /out:"Debug\AuthoringToolAlgorithm.exe.embed.manifest" /manifest Debug\AuthoringToolAlgorithm.exe.intermediate.manifest
         All outputs are up-to-date.
       LinkEmbedManifest:
         All outputs are up-to-date.
         AuthoringToolAlgorithm.vcxproj -> D:\CIS660\AuthoringToolAlgorithm\Debug\AuthoringToolAlgorithm.exe
       FinalizeBuildStatus:
         Deleting file "Debug\AuthoringToolAlgorithm.unsuccessfulbuild".
         Touching "Debug\AuthoringToolAlgorithm.lastbuildstate".
     1>Done Building Project "D:\CIS660\AuthoringToolAlgorithm\AuthoringToolAlgorithm\AuthoringToolAlgorithm.vcxproj" (build target(s)).

Build succeeded.

Time Elapsed 00:00:00.67
